{
  "stats": {
    "suites": 1,
    "tests": 1,
    "passes": 1,
    "pending": 0,
    "failures": 0,
    "start": "2020-10-31T12:06:42.262Z",
    "end": "2020-10-31T12:06:51.743Z",
    "duration": 9481,
    "testsRegistered": 1,
    "passPercent": 100,
    "pendingPercent": 0,
    "other": 0,
    "hasOther": false,
    "skipped": 0,
    "hasSkipped": false
  },
  "results": [
    {
      "uuid": "4b42ee2b-d4e1-425d-b235-9ece91e5eee8",
      "title": "",
      "fullFile": "cypress\\integration\\cypress_demo_udemy\\automation-test-store\\02_item_inspect.js",
      "file": "cypress\\integration\\cypress_demo_udemy\\automation-test-store\\02_item_inspect.js",
      "beforeHooks": [],
      "afterHooks": [],
      "tests": [],
      "suites": [
        {
          "uuid": "17835b3d-eb22-47f5-9642-f0fbb570e429",
          "title": "Inspect items by using chain of commands ",
          "fullFile": "",
          "file": "",
          "beforeHooks": [],
          "afterHooks": [],
          "tests": [
            {
              "title": "Click on the first item by item text",
              "fullTitle": "Inspect items by using chain of commands  Click on the first item by item text",
              "timedOut": null,
              "duration": 4540,
              "state": "passed",
              "speed": "slow",
              "pass": true,
              "fail": false,
              "pending": false,
              "context": null,
              "code": "cy.visit(\"https://automationteststore.com/\");\ncy.get('.prdocutname').contains('Skinsheen Bronzer Stick').click().then(function (itemHeaderText) {\n  console.log(\"Selected the following item: \" + itemHeaderText.text());\n});",
              "err": {},
              "uuid": "510c8af6-5837-47e2-bafd-9a52c8068832",
              "parentUUID": "17835b3d-eb22-47f5-9642-f0fbb570e429",
              "isHook": false,
              "skipped": false
            }
          ],
          "suites": [],
          "passes": [
            "510c8af6-5837-47e2-bafd-9a52c8068832"
          ],
          "failures": [],
          "pending": [],
          "skipped": [],
          "duration": 4540,
          "root": false,
          "rootEmpty": false,
          "_timeout": 2000
        }
      ],
      "passes": [],
      "failures": [],
      "pending": [],
      "skipped": [],
      "duration": 0,
      "root": true,
      "rootEmpty": true,
      "_timeout": 2000
    }
  ],
  "meta": {
    "mocha": {
      "version": "7.0.1"
    },
    "mochawesome": {
      "options": {
        "quiet": false,
        "reportFilename": "mochawesome",
        "saveHtml": false,
        "saveJson": true,
        "consoleReporter": "spec",
        "useInlineDiffs": false,
        "code": true
      },
      "version": "6.1.1"
    },
    "marge": {
      "options": {
        "id": "default",
        "reportDir": "cypress/results/mochawesome",
        "quite": true,
        "overwrite": false,
        "html": false,
        "json": true
      },
      "version": "5.1.0"
    }
  }
}