{
  "stats": {
    "suites": 1,
    "tests": 1,
    "passes": 1,
    "pending": 0,
    "failures": 0,
    "start": "2020-10-31T12:06:06.672Z",
    "end": "2020-10-31T12:06:20.563Z",
    "duration": 13891,
    "testsRegistered": 1,
    "passPercent": 100,
    "pendingPercent": 0,
    "other": 0,
    "hasOther": false,
    "skipped": 0,
    "hasSkipped": false
  },
  "results": [
    {
      "uuid": "638ec745-664c-4263-86d2-195bda1a538a",
      "title": "",
      "fullFile": "cypress\\integration\\cypress_demo_udemy\\automation-test-store\\01_contact_us_Alias_fixtures.js",
      "file": "cypress\\integration\\cypress_demo_udemy\\automation-test-store\\01_contact_us_Alias_fixtures.js",
      "beforeHooks": [],
      "afterHooks": [],
      "tests": [],
      "suites": [
        {
          "uuid": "2b107329-0e5e-4c40-9920-53c2624779e3",
          "title": "Test Contact Us form via Automation Test Store",
          "fullFile": "",
          "file": "",
          "beforeHooks": [],
          "afterHooks": [],
          "tests": [
            {
              "title": "Should be able to open contact us form",
              "fullTitle": "Test Contact Us form via Automation Test Store Should be able to open contact us form",
              "timedOut": null,
              "duration": 8805,
              "state": "passed",
              "speed": "slow",
              "pass": true,
              "fail": false,
              "pending": false,
              "context": null,
              "code": "cy.visit(\"https://automationteststore.com/\"); //cy.get('.info_links_footer > :nth-child(5) > a').click();\n//cy.xpath(\"//a[contains(text(),'Contact Us')]\").click();\ncy.get(\"a[href$='contact']\").click().then(function (buttonTitle) {\n  console.log(\"Button: \" + buttonTitle.text() + \" has been clicked.\");\n  cy.log(\"Button: \" + buttonTitle.text() + \" has been clicked.\");\n});\ncy.get(\"@userFile\").then(function (user) {\n  cy.get('#ContactUsFrm_first_name').type(user.first_name);\n  cy.get('#ContactUsFrm_email').type(user.email);\n});\ncy.get('#ContactUsFrm_email').should('have.attr', 'name', 'email');\ncy.get('#ContactUsFrm_enquiry').type(\"Marianna asdasd asd adf f afd asdf\");\ncy.get(\"button[title='Submit']\").click();\ncy.get('.mb40 > :nth-child(3)').should('have.text', 'Your enquiry has been successfully sent to the store owner!');\nconsole.log(\"this is non ordering comand, because is non cypress\");\ncy.log(\"Log from cypress in ordering\");",
              "err": {},
              "uuid": "1257a8cd-9bf5-4899-ace1-bccf0f4e99ea",
              "parentUUID": "2b107329-0e5e-4c40-9920-53c2624779e3",
              "isHook": false,
              "skipped": false
            }
          ],
          "suites": [],
          "passes": [
            "1257a8cd-9bf5-4899-ace1-bccf0f4e99ea"
          ],
          "failures": [],
          "pending": [],
          "skipped": [],
          "duration": 8805,
          "root": false,
          "rootEmpty": false,
          "_timeout": 2000
        }
      ],
      "passes": [],
      "failures": [],
      "pending": [],
      "skipped": [],
      "duration": 0,
      "root": true,
      "rootEmpty": true,
      "_timeout": 2000
    }
  ],
  "meta": {
    "mocha": {
      "version": "7.0.1"
    },
    "mochawesome": {
      "options": {
        "quiet": false,
        "reportFilename": "mochawesome",
        "saveHtml": false,
        "saveJson": true,
        "consoleReporter": "spec",
        "useInlineDiffs": false,
        "code": true
      },
      "version": "6.1.1"
    },
    "marge": {
      "options": {
        "id": "default",
        "reportDir": "cypress/results/mochawesome",
        "quite": true,
        "overwrite": false,
        "html": false,
        "json": true
      },
      "version": "5.1.0"
    }
  }
}